<?xml version="1.0" encoding="UTF-8"?>
<!-- Generated by org.testng.reporters.JUnitReportReporter -->
<testsuite ignored="0" hostname="LIN51014513" failures="0" tests="5" name="Testcases.Testcase" time="3.296" errors="0" timestamp="06 Aug 2021 14:44:03 GMT" skipped="0">
  <testcase classname="Testcases.Testcase" name="getmethod2" time="0.363"/>
  <testcase classname="Testcases.Testcase" name="getmethod4" time="0.753"/>
  <testcase classname="Testcases.Testcase" name="getmethod5" time="0.306"/>
  <testcase classname="Testcases.Testcase" name="getmethod3" time="0.269"/>
  <testcase classname="Testcases.Testcase" name="getmethod1" time="1.605"/>
</testsuite> <!-- Testcases.Testcase -->
