<?xml version="1.0" encoding="UTF-8"?>
<!-- Generated by org.testng.reporters.JUnitReportReporter -->
<testsuite hostname="LIN51014513" failures="0" tests="1" name="pathparameter.ab" time="2.495" errors="0" timestamp="2021-08-11T00:00:05 IST" skipped="0">
  <testcase classname="pathparameter.ab" name="ResponseTimeValidation" time="2.495"/>
  <system-out/>
</testsuite> <!-- pathparameter.ab -->
