<?xml version="1.0" encoding="UTF-8"?>
<!-- Generated by org.testng.reporters.JUnitReportReporter -->
<testsuite hostname="LIN51014513" failures="0" tests="1" name="pathparameter.Pathparameter" time="1.227" errors="0" timestamp="2021-08-10T11:47:08 IST" skipped="0">
  <testcase classname="pathparameter.Pathparameter" name="pathparameters" time="1.227"/>
  <system-out/>
</testsuite> <!-- pathparameter.Pathparameter -->
